SF:nautobot_golden_config/__init__.py
DA:4,1
DA:6,1
DA:7,1
DA:8,1
DA:10,1
DA:13,1
DA:16,1
DA:17,1
DA:18,1
DA:19,1
DA:20,1
DA:21,1
DA:22,1
DA:23,1
DA:24,1
DA:48,1
DA:71,1
DA:73,1
DA:76,1
DA:82,1
DA:83,1
DA:85,1
DA:86,1
DA:89,1
LF:24
LH:24
FN:71,86,GoldenConfig.ready
FNDA:1,GoldenConfig.ready
FNF:1
FNH:1
end_of_record
SF:nautobot_golden_config/api/__init__.py
end_of_record
SF:nautobot_golden_config/api/serializers.py
DA:4,1
DA:5,1
DA:6,1
DA:7,1
DA:8,1
DA:9,1
DA:10,1
DA:11,1
DA:13,1
DA:14,1
DA:17,1
DA:20,1
DA:23,1
DA:26,1
DA:29,1
DA:30,1
DA:36,1
DA:39,1
DA:42,1
DA:43,1
DA:46,1
DA:49,1
DA:52,1
DA:53,1
DA:56,1
DA:59,1
DA:62,1
DA:63,1
DA:66,1
DA:69,1
DA:72,1
DA:73,1
DA:76,1
DA:79,1
DA:82,1
DA:83,1
DA:86,1
DA:89,1
DA:92,1
DA:93,1
DA:96,1
DA:99,1
DA:101,1
DA:104,1
DA:105,1
DA:107,1
DA:109,0
DA:110,0
DA:111,0
DA:114,1
DA:117,1
DA:120,1
DA:121,1
DA:124,1
DA:127,1
DA:130,1
DA:131,1
DA:132,1
DA:135,1
DA:138,1
DA:139,1
DA:140,1
DA:141,1
DA:142,1
DA:145,1
DA:148,1
DA:150,1
DA:152,0
DA:153,0
DA:154,0
DA:155,0
DA:156,0
DA:162,1
DA:163,1
DA:164,1
LF:75
LH:67
FN:107,111,ConfigToPushSerializer.get_config
FNDA:0,ConfigToPushSerializer.get_config
FN:150,160,GitRepositoryWithBranchesSerializer.get_remote_branches
FNDA:0,GitRepositoryWithBranchesSerializer.get_remote_branches
FNF:2
FNH:0
end_of_record
SF:nautobot_golden_config/api/urls.py
DA:3,1
DA:4,1
DA:6,1
DA:8,1
DA:9,1
DA:10,1
DA:11,1
DA:12,1
DA:13,1
DA:14,1
DA:15,1
DA:16,1
DA:17,1
DA:18,1
DA:19,1
DA:21,1
DA:38,1
DA:39,1
LF:18
LH:18
end_of_record
SF:nautobot_golden_config/api/views.py
DA:3,1
DA:4,1
DA:5,1
DA:6,1
DA:8,1
DA:9,1
DA:10,1
DA:11,1
DA:12,1
DA:13,1
DA:14,1
DA:15,1
DA:16,1
DA:17,1
DA:23,1
DA:24,1
DA:25,1
DA:26,1
DA:27,1
DA:28,1
DA:29,1
DA:30,1
DA:31,1
DA:32,1
DA:33,1
DA:34,1
DA:35,1
DA:36,1
DA:37,1
DA:39,1
DA:40,1
DA:41,1
DA:42,1
DA:45,1
DA:48,1
DA:50,1
DA:53,1
DA:56,1
DA:57,1
DA:58,1
DA:60,1
DA:70,1
DA:72,0
DA:74,0
DA:75,0
DA:76,0
DA:77,0
DA:78,0
DA:79,0
DA:80,0
DA:81,0
DA:83,0
DA:84,0
DA:85,0
DA:87,0
DA:89,0
DA:90,0
DA:92,0
DA:93,0
DA:94,0
DA:99,0
DA:102,1
DA:105,1
DA:106,1
DA:107,1
DA:110,1
DA:113,1
DA:114,1
DA:115,1
DA:121,1
DA:124,1
DA:125,1
DA:126,1
DA:129,1
DA:132,1
DA:133,1
DA:134,1
DA:137,1
DA:140,1
DA:141,1
DA:142,1
DA:145,1
DA:148,1
DA:149,1
DA:150,1
DA:153,1
DA:156,1
DA:157,1
DA:158,1
DA:161,1
DA:164,1
DA:166,0
DA:168,1
DA:170,0
DA:173,1
DA:176,1
DA:177,1
DA:178,1
DA:181,1
DA:184,1
DA:185,1
DA:186,1
DA:189,1
DA:203,1
DA:204,1
DA:205,1
DA:207,1
DA:209,1
DA:210,1
DA:212,1
DA:213,1
DA:218,1
DA:221,1
DA:224,1
DA:225,1
DA:226,1
DA:229,1
DA:234,1
DA:235,1
DA:236,1
DA:239,1
DA:242,1
DA:243,1
DA:244,1
DA:246,1
DA:248,1
DA:249,1
DA:250,1
DA:251,0
DA:252,0
DA:253,0
DA:261,1
DA:262,1
DA:264,1
DA:266,1
DA:268,1
DA:269,1
DA:270,1
DA:271,1
DA:272,1
DA:273,0
DA:274,0
DA:276,1
DA:278,1
DA:279,1
DA:280,0
DA:281,0
DA:282,1
DA:283,1
DA:285,1
DA:286,1
DA:287,1
DA:288,1
DA:289,1
DA:291,1
DA:313,1
DA:315,1
DA:316,1
DA:317,1
DA:318,1
DA:319,1
DA:320,1
DA:321,1
DA:322,1
DA:323,1
DA:324,0
DA:325,0
DA:328,1
DA:329,1
DA:330,1
DA:331,1
DA:332,1
DA:334,1
DA:335,1
DA:336,1
DA:338,1
DA:340,1
DA:341,0
DA:343,1
DA:344,1
DA:345,1
DA:346,1
DA:347,1
DA:349,1
DA:350,1
DA:351,1
DA:352,1
DA:353,1
DA:354,1
DA:357,1
DA:364,1
DA:365,1
DA:371,1
DA:372,1
DA:374,1
DA:376,1
DA:387,0
DA:389,1
DA:394,1
DA:395,1
DA:408,1
DA:425,1
DA:426,1
DA:427,1
DA:429,0
DA:433,1
DA:436,1
DA:437,1
DA:440,1
DA:441,1
DA:442,1
DA:443,1
DA:445,1
DA:447,0
DA:448,0
LF:215
LH:180
FN:48,50,GoldenConfigRootView.get_view_name
FNDA:1,GoldenConfigRootView.get_view_name
FN:70,99,SOTAggDeviceDetailView.get
FNDA:0,SOTAggDeviceDetailView.get
FN:164,166,ConfigPushPermissions.has_permission
FNDA:0,ConfigPushPermissions.has_permission
FN:168,170,ConfigPushPermissions.has_object_permission
FNDA:0,ConfigPushPermissions.has_object_permission
FN:207,218,ConfigPlanViewSet.get_serializer_context
FNDA:1,ConfigPlanViewSet.get_serializer_context
FN:229,236,_nornir_task_inject_graphql_data
FNDA:1,_nornir_task_inject_graphql_data
FN:246,264,GenerateIntendedConfigView._get_diff
FNDA:1,GenerateIntendedConfigView._get_diff
FN:266,274,GenerateIntendedConfigView._get_object
FNDA:1,GenerateIntendedConfigView._get_object
FN:276,289,GenerateIntendedConfigView._get_jinja_template_path
FNDA:1,GenerateIntendedConfigView._get_jinja_template_path
FN:313,387,GenerateIntendedConfigView.get
FNDA:1,GenerateIntendedConfigView.get
FN:389,433,GenerateIntendedConfigView._render_config_nornir_serial
FNDA:1,GenerateIntendedConfigView._render_config_nornir_serial
FN:445,448,GitRepositoryBranchesView.get_queryset
FNDA:0,GitRepositoryBranchesView.get_queryset
FNF:12
FNH:8
end_of_record
SF:nautobot_golden_config/choices.py
DA:3,1
DA:6,1
DA:9,1
DA:10,1
DA:11,1
DA:12,1
DA:14,1
DA:22,1
DA:25,1
DA:26,1
DA:28,1
DA:34,1
DA:37,1
DA:38,1
DA:39,1
DA:40,1
DA:42,1
LF:17
LH:17
end_of_record
SF:nautobot_golden_config/datasources.py
DA:3,1
DA:5,1
DA:6,1
DA:7,1
DA:8,1
DA:9,1
DA:11,1
DA:12,1
DA:19,1
DA:20,1
DA:23,1
DA:25,1
DA:31,1
DA:33,1
DA:39,1
DA:41,1
DA:47,1
DA:59,1
DA:60,1
DA:64,1
DA:65,1
DA:66,1
DA:67,0
DA:71,0
DA:78,1
DA:110,1
DA:111,1
DA:113,1
DA:119,1
DA:122,1
DA:124,1
DA:125,1
DA:126,1
DA:127,1
DA:129,1
DA:130,1
DA:131,1
DA:132,1
DA:135,1
DA:136,1
DA:137,1
DA:138,1
DA:139,1
DA:141,1
DA:142,1
DA:143,1
DA:144,1
DA:145,1
DA:146,1
DA:147,1
DA:148,1
DA:151,1
DA:152,1
DA:153,1
DA:154,1
DA:157,1
DA:158,1
DA:160,1
DA:163,1
DA:165,1
DA:168,1
DA:170,1
DA:171,1
DA:172,1
DA:176,1
DA:178,1
DA:180,1
DA:185,1
DA:186,1
DA:187,1
DA:188,1
DA:189,0
DA:190,1
DA:192,1
DA:193,1
DA:194,1
DA:196,1
DA:197,1
DA:198,1
DA:200,0
DA:201,0
DA:205,0
DA:207,1
DA:208,1
DA:209,1
DA:210,1
DA:212,1
DA:218,1
DA:223,1
DA:224,0
DA:226,1
DA:227,0
DA:231,0
DA:234,1
DA:235,1
DA:236,1
DA:247,1
DA:248,1
DA:259,1
DA:260,1
DA:272,1
LF:101
LH:92
FN:23,28,refresh_git_jinja
FNDA:1,refresh_git_jinja
FN:31,36,refresh_git_intended
FNDA:1,refresh_git_intended
FN:39,44,refresh_git_backup
FNDA:1,refresh_git_backup
FN:47,116,refresh_git_gc_properties
FNDA:1,refresh_git_gc_properties
FN:119,165,get_id_kwargs
FNDA:1,get_id_kwargs
FN:168,231,update_git_gc_properties
FNDA:1,update_git_gc_properties
FNF:6
FNH:6
end_of_record
SF:nautobot_golden_config/details.py
DA:3,1
DA:4,1
DA:5,1
DA:8,1
DA:10,1
DA:11,0
DA:12,1
DA:13,1
DA:14,1
DA:15,1
DA:18,1
DA:20,0
DA:23,1
DA:33,1
DA:46,1
DA:59,1
DA:73,1
DA:86,1
DA:134,1
DA:179,1
DA:229,1
LF:21
LH:19
FN:8,15,get_model_instances
FNDA:1,get_model_instances
FN:18,20,hyperlinked_field_with_icon
FNDA:0,hyperlinked_field_with_icon
FNF:2
FNH:1
end_of_record
SF:nautobot_golden_config/error_codes.py
DA:3,1
DA:5,1
DA:7,1
LF:3
LH:3
end_of_record
SF:nautobot_golden_config/exceptions.py
DA:4,1
DA:8,1
DA:12,1
DA:16,1
DA:20,1
DA:24,1
DA:28,1
DA:32,1
LF:8
LH:8
end_of_record
SF:nautobot_golden_config/filter_extensions.py
DA:3,1
DA:4,1
DA:7,1
DA:9,0
DA:10,0
DA:11,0
DA:12,0
DA:15,1
DA:18,1
DA:20,1
DA:30,1
LF:11
LH:7
FN:7,12,filter_graphql_query_variables
FNDA:0,filter_graphql_query_variables
FNF:1
FNH:0
end_of_record
SF:nautobot_golden_config/filters.py
DA:3,1
DA:4,1
DA:12,1
DA:13,1
DA:14,1
DA:16,1
DA:19,1
DA:22,1
DA:23,1
DA:26,1
DA:27,1
DA:28,1
DA:29,1
DA:31,1
DA:39,1
DA:45,1
DA:51,1
DA:57,1
DA:65,1
DA:73,1
DA:79,1
DA:85,1
DA:91,1
DA:97,1
DA:103,1
DA:109,1
DA:114,1
DA:120,1
DA:127,1
DA:130,1
DA:131,1
DA:132,1
DA:135,1
DA:138,1
DA:143,1
DA:150,1
DA:153,1
DA:154,1
DA:157,1
DA:160,1
DA:169,1
DA:172,1
DA:173,1
DA:176,1
DA:179,1
DA:187,1
DA:194,1
DA:197,1
DA:198,1
DA:201,1
DA:204,1
DA:212,1
DA:219,1
DA:222,1
DA:223,1
DA:226,1
DA:229,1
DA:237,1
DA:244,1
DA:247,1
DA:248,1
DA:251,1
DA:254,1
DA:260,1
DA:262,1
DA:263,1
DA:264,0
DA:265,0
DA:266,0
DA:267,0
DA:269,0
DA:270,0
DA:271,0
DA:272,0
DA:273,0
DA:275,1
DA:278,1
DA:279,1
DA:282,1
DA:285,1
DA:297,1
DA:303,1
DA:308,1
DA:311,1
DA:312,1
DA:315,1
DA:318,1
DA:330,1
DA:334,1
DA:340,1
DA:346,1
DA:352,1
DA:357,1
DA:363,1
DA:369,1
DA:375,1
DA:381,1
DA:387,1
DA:395,1
DA:403,1
DA:408,1
DA:412,1
DA:418,1
DA:424,1
DA:430,1
DA:436,1
DA:441,1
DA:448,1
DA:451,1
DA:452,1
LF:110
LH:101
FN:23,29,GoldenConfigFilterSet._get_filter_lookup_dict
FNDA:1,GoldenConfigFilterSet._get_filter_lookup_dict
FN:260,273,GoldenConfigSettingFilterSet.filter_device_id
FNDA:1,GoldenConfigSettingFilterSet.filter_device_id
FNF:2
FNH:2
end_of_record
SF:nautobot_golden_config/forms.py
DA:4,1
DA:6,1
DA:7,1
DA:8,1
DA:9,1
DA:10,1
DA:11,1
DA:12,1
DA:13,1
DA:15,1
DA:16,1
DA:21,1
DA:24,1
DA:27,1
DA:34,1
DA:41,1
DA:49,1
DA:52,1
DA:59,1
DA:66,1
DA:76,1
DA:82,1
DA:85,1
DA:92,1
DA:95,1
DA:100,1
DA:103,1
DA:104,1
DA:120,1
DA:123,1
DA:126,1
DA:131,1
DA:134,1
DA:137,1
DA:140,1
DA:142,1
DA:159,1
DA:161,1
DA:163,1
DA:164,1
DA:172,1
DA:178,1
DA:181,1
DA:183,1
DA:186,1
DA:187,1
DA:190,1
DA:193,1
DA:195,1
DA:196,1
DA:200,1
DA:203,1
DA:206,1
DA:209,1
DA:210,1
DA:214,1
DA:215,1
DA:216,1
DA:218,1
DA:221,1
DA:227,1
DA:230,1
DA:232,1
DA:235,1
DA:236,1
DA:239,1
DA:242,1
DA:243,1
DA:244,1
DA:247,1
DA:250,1
DA:253,1
DA:255,1
DA:258,1
DA:264,1
DA:267,1
DA:269,1
DA:272,1
DA:273,1
DA:276,1
DA:279,1
DA:280,1
DA:283,1
DA:288,1
DA:291,1
DA:294,1
DA:296,1
DA:299,1
DA:305,1
DA:308,1
DA:310,1
DA:313,1
DA:314,1
DA:317,1
DA:320,1
DA:322,1
DA:325,1
DA:330,1
DA:333,1
DA:336,1
DA:338,1
DA:341,1
DA:347,1
DA:350,1
DA:352,1
DA:353,1
DA:358,1
DA:363,1
DA:368,1
DA:370,1
DA:373,1
DA:374,1
DA:377,1
DA:380,1
DA:382,1
DA:383,1
DA:384,1
DA:385,1
DA:389,1
DA:393,1
DA:399,1
DA:402,1
DA:406,1
DA:409,1
DA:413,1
DA:416,1
DA:419,1
DA:420,1
DA:423,1
DA:426,1
DA:427,1
DA:428,1
DA:431,1
DA:439,1
DA:442,1
DA:445,1
DA:447,1
DA:450,1
DA:456,1
DA:459,1
DA:464,1
DA:474,1
DA:475,1
DA:479,1
DA:480,1
DA:483,1
DA:486,1
DA:489,1
DA:490,1
DA:491,1
DA:492,1
DA:493,1
DA:496,1
DA:500,1
DA:502,0
DA:503,0
DA:516,0
DA:518,1
DA:521,1
DA:522,1
DA:525,1
DA:528,1
DA:532,1
DA:536,1
DA:539,1
DA:540,1
DA:548,1
DA:551,1
DA:553,1
DA:557,1
DA:558,1
DA:559,1
DA:565,1
DA:572,1
DA:573,1
DA:580,1
DA:587,1
DA:595,1
DA:598,1
DA:601,1
DA:604,1
DA:609,1
DA:610,1
DA:612,1
DA:615,1
DA:622,1
DA:625,1
DA:630,1
DA:636,1
DA:638,1
DA:640,0
DA:641,0
DA:642,0
LF:193
LH:187
FN:161,172,ConfigComplianceFilterForm.__init__
FNDA:1,ConfigComplianceFilterForm.__init__
FN:500,516,ConfigPlanForm.__init__
FNDA:0,ConfigPlanForm.__init__
FN:638,642,GenerateIntendedConfigForm.__init__
FNDA:0,GenerateIntendedConfigForm.__init__
FNF:3
FNH:1
end_of_record
SF:nautobot_golden_config/jobs.py
DA:7,1
DA:9,1
DA:10,1
DA:11,1
DA:12,1
DA:13,1
DA:23,1
DA:24,1
DA:25,1
DA:26,1
DA:27,1
DA:29,1
DA:30,1
DA:31,1
DA:32,1
DA:33,1
DA:34,1
DA:35,1
DA:36,1
DA:37,1
DA:42,1
DA:43,1
DA:49,1
DA:51,1
DA:54,1
DA:56,1
DA:57,1
DA:58,1
DA:59,1
DA:60,1
DA:61,1
DA:62,1
DA:63,1
DA:64,1
DA:65,1
DA:68,1
DA:70,1
DA:71,1
DA:72,1
DA:74,1
DA:75,1
DA:76,1
DA:77,1
DA:78,1
DA:80,1
DA:81,1
DA:82,1
DA:85,1
DA:86,1
DA:93,1
DA:95,1
DA:99,1
DA:100,1
DA:104,1
DA:105,1
DA:106,1
DA:109,1
DA:119,1
DA:120,1
DA:121,1
DA:122,1
DA:123,1
DA:124,1
DA:125,1
DA:129,1
DA:130,1
DA:133,1
DA:140,1
DA:141,1
DA:145,1
DA:146,1
DA:147,1
DA:148,1
DA:152,1
DA:153,1
DA:154,1
DA:155,1
DA:156,0
DA:165,1
DA:168,1
DA:170,1
DA:172,1
DA:173,1
DA:174,1
DA:175,1
DA:177,1
DA:178,0
DA:180,1
DA:182,1
DA:185,1
DA:188,1
DA:189,1
DA:190,1
DA:191,1
DA:192,1
DA:193,1
DA:194,1
DA:195,1
DA:196,1
DA:197,1
DA:198,1
DA:201,1
DA:208,1
DA:211,1
DA:214,1
DA:215,1
DA:223,1
DA:225,1
DA:226,1
DA:227,1
DA:230,1
DA:233,1
DA:236,1
DA:237,1
DA:238,1
DA:240,1
DA:241,1
DA:243,1
DA:244,1
DA:245,1
DA:246,1
DA:247,1
DA:250,1
DA:253,1
DA:256,1
DA:257,1
DA:258,1
DA:260,1
DA:261,1
DA:263,1
DA:264,1
DA:265,1
DA:266,1
DA:267,1
DA:270,1
DA:273,1
DA:276,1
DA:277,1
DA:278,1
DA:280,1
DA:281,1
DA:283,1
DA:284,1
DA:285,1
DA:286,1
DA:287,1
DA:290,1
DA:293,1
DA:294,1
DA:296,1
DA:299,1
DA:300,1
DA:301,1
DA:303,1
DA:305,1
DA:306,1
DA:307,1
DA:308,1
DA:313,1
DA:314,1
DA:315,1
DA:316,0
DA:317,0
DA:318,0
DA:319,0
DA:320,0
DA:321,0
DA:322,0
DA:323,0
DA:324,0
DA:325,0
DA:326,0
DA:327,1
DA:328,1
DA:329,0
DA:330,1
DA:331,0
DA:332,1
DA:333,1
DA:334,0
DA:335,1
DA:336,0
DA:337,0
DA:339,0
DA:342,1
DA:345,1
DA:348,1
DA:349,1
DA:350,1
DA:352,1
DA:354,1
DA:355,1
DA:356,1
DA:357,1
DA:362,1
DA:363,1
DA:364,1
DA:365,0
DA:366,0
DA:367,0
DA:368,0
DA:369,0
DA:370,0
DA:371,0
DA:372,0
DA:373,0
DA:374,0
DA:375,0
DA:376,1
DA:377,1
DA:378,0
DA:379,1
DA:380,0
DA:381,1
DA:382,1
DA:383,0
DA:384,1
DA:385,0
DA:386,0
DA:388,0
DA:391,1
DA:395,1
DA:396,1
DA:397,1
DA:398,1
DA:399,1
DA:401,1
DA:404,1
DA:405,1
DA:406,1
DA:408,1
DA:410,1
DA:412,0
DA:413,0
DA:414,0
DA:415,0
DA:416,0
DA:417,0
DA:418,0
DA:419,0
DA:421,1
DA:422,1
DA:424,0
DA:425,0
DA:426,0
DA:428,1
DA:429,0
DA:430,0
DA:431,0
DA:432,0
DA:433,0
DA:434,0
DA:435,0
DA:436,0
DA:437,0
DA:438,0
DA:439,0
DA:440,0
DA:441,0
DA:443,1
DA:445,0
DA:446,0
DA:447,0
DA:448,0
DA:449,0
DA:450,0
DA:451,0
DA:452,0
DA:453,0
DA:455,0
DA:456,0
DA:457,0
DA:458,0
DA:460,0
DA:461,0
DA:463,0
DA:464,0
DA:473,0
DA:474,0
DA:475,0
DA:476,0
DA:480,1
DA:482,0
DA:486,0
DA:487,0
DA:488,0
DA:489,0
DA:492,0
DA:493,0
DA:502,0
DA:504,1
DA:506,0
DA:507,0
DA:508,0
DA:509,0
DA:510,0
DA:511,0
DA:512,0
DA:513,0
DA:514,0
DA:515,0
DA:516,0
DA:517,0
DA:518,0
DA:519,0
DA:520,0
DA:521,0
DA:523,0
DA:524,0
DA:525,0
DA:528,1
DA:531,1
DA:532,1
DA:533,1
DA:535,1
DA:538,1
DA:539,1
DA:540,1
DA:542,1
DA:544,0
DA:545,0
DA:547,1
DA:549,0
DA:550,0
DA:551,0
DA:552,0
DA:553,0
DA:554,0
DA:555,0
DA:556,0
DA:557,0
DA:558,0
DA:559,0
DA:562,1
DA:565,1
DA:568,1
DA:569,1
DA:571,1
DA:573,0
DA:574,0
DA:576,1
DA:578,0
DA:579,0
DA:580,0
DA:581,0
DA:582,0
DA:585,1
DA:588,1
DA:591,1
DA:592,1
DA:593,1
DA:595,1
DA:597,0
DA:598,0
DA:599,0
DA:600,0
DA:601,0
DA:602,0
DA:603,0
DA:605,0
DA:606,0
DA:607,0
DA:609,0
DA:611,0
DA:612,0
DA:613,0
DA:614,0
DA:617,1
DA:618,1
DA:619,1
DA:620,1
DA:621,1
DA:622,1
DA:623,1
DA:624,1
DA:625,1
LF:376
LH:233
FN:54,65,get_repo_types_for_job
FNDA:1,get_repo_types_for_job
FN:68,106,get_refreshed_repos
FNDA:1,get_refreshed_repos
FN:109,130,gc_repo_prep
FNDA:1,gc_repo_prep
FN:133,162,gc_repo_push
FNDA:1,gc_repo_push
FN:165,182,gc_repos
FNDA:1,gc_repos
FN:168,180,gc_repos.gc_repo_wrapper
FNDA:1,gc_repos.gc_repo_wrapper
FN:223,227,GoldenConfigJobMixin.__init__
FNDA:1,GoldenConfigJobMixin.__init__
FN:241,247,ComplianceJob.run
FNDA:1,ComplianceJob.run
FN:261,267,IntendedJob.run
FNDA:1,IntendedJob.run
FN:281,287,BackupJob.run
FNDA:1,BackupJob.run
FN:303,339,AllGoldenConfig.run
FNDA:1,AllGoldenConfig.run
FN:352,388,AllDevicesGoldenConfig.run
FNDA:1,AllDevicesGoldenConfig.run
FN:410,419,GenerateConfigPlans.__init__
FNDA:0,GenerateConfigPlans.__init__
FN:422,426,GenerateConfigPlans.plan_status
FNDA:0,GenerateConfigPlans.plan_status
FN:428,441,GenerateConfigPlans._validate_inputs
FNDA:0,GenerateConfigPlans._validate_inputs
FN:443,478,GenerateConfigPlans._generate_config_plan_from_feature
FNDA:0,GenerateConfigPlans._generate_config_plan_from_feature
FN:480,502,GenerateConfigPlans._generate_config_plan_from_manual
FNDA:0,GenerateConfigPlans._generate_config_plan_from_manual
FN:504,525,GenerateConfigPlans.run
FNDA:0,GenerateConfigPlans.run
FN:542,545,DeployConfigPlans.__init__
FNDA:0,DeployConfigPlans.__init__
FN:547,559,DeployConfigPlans.run
FNDA:0,DeployConfigPlans.run
FN:571,574,DeployConfigPlanJobButtonReceiver.__init__
FNDA:0,DeployConfigPlanJobButtonReceiver.__init__
FN:576,582,DeployConfigPlanJobButtonReceiver.receive_job_button
FNDA:0,DeployConfigPlanJobButtonReceiver.receive_job_button
FN:595,614,SyncGoldenConfigWithDynamicGroups.run
FNDA:0,SyncGoldenConfigWithDynamicGroups.run
FNF:23
FNH:12
end_of_record
SF:nautobot_golden_config/metrics.py
DA:3,1
DA:4,1
DA:5,1
DA:6,1
DA:8,1
DA:10,1
DA:13,1
DA:19,1
DA:21,1
DA:22,1
DA:24,1
DA:25,1
DA:27,1
DA:29,1
DA:33,1
DA:36,1
DA:38,1
DA:39,1
DA:41,1
DA:43,1
DA:47,1
DA:50,1
DA:52,1
DA:53,1
DA:55,1
DA:58,1
DA:64,1
DA:66,1
DA:70,1
DA:71,0
DA:72,0
DA:73,0
DA:77,0
DA:79,1
DA:82,1
DA:88,1
DA:93,1
DA:98,1
DA:100,1
DA:101,0
DA:102,0
DA:104,1
DA:105,0
DA:106,0
DA:108,1
DA:111,1
LF:46
LH:38
FN:13,55,metric_gc_functions
FNDA:1,metric_gc_functions
FN:58,79,metric_devices_per_feature
FNDA:1,metric_devices_per_feature
FN:82,108,metric_compliance_devices
FNDA:1,metric_compliance_devices
FNF:3
FNH:3
end_of_record
SF:nautobot_golden_config/migrations/__init__.py
end_of_record
SF:nautobot_golden_config/models.py
DA:3,1
DA:4,1
DA:5,1
DA:7,1
DA:8,1
DA:9,1
DA:10,1
DA:11,1
DA:12,1
DA:13,1
DA:14,1
DA:15,1
DA:16,1
DA:17,1
DA:18,1
DA:19,1
DA:20,1
DA:21,1
DA:22,1
DA:23,1
DA:24,1
DA:25,1
DA:27,1
DA:28,1
DA:30,1
DA:31,1
DA:33,1
DA:38,1
DA:41,1
DA:45,1
DA:51,1
DA:53,0
DA:54,0
DA:55,0
DA:56,0
DA:57,0
DA:60,1
DA:62,1
DA:63,1
DA:64,1
DA:67,1
DA:69,1
DA:73,1
DA:74,1
DA:77,1
DA:78,1
DA:79,1
DA:80,1
DA:82,1
DA:83,1
DA:84,1
DA:85,1
DA:86,1
DA:95,1
DA:98,1
DA:100,1
DA:101,1
DA:102,1
DA:103,1
DA:104,1
DA:106,1
DA:107,1
DA:108,1
DA:109,1
DA:110,1
DA:111,1
DA:112,1
DA:114,1
DA:115,1
DA:116,1
DA:117,1
DA:118,1
DA:120,1
DA:129,1
DA:131,1
DA:132,1
DA:133,1
DA:134,1
DA:135,1
DA:136,1
DA:137,1
DA:138,1
DA:139,1
DA:140,1
DA:142,1
DA:148,1
DA:149,1
DA:150,1
DA:151,1
DA:152,1
DA:154,1
DA:163,1
DA:166,1
DA:168,1
DA:169,1
DA:170,1
DA:171,1
DA:172,1
DA:173,1
DA:176,1
DA:180,1
DA:181,1
DA:183,1
DA:184,1
DA:185,1
DA:186,1
DA:187,1
DA:189,1
DA:198,1
DA:200,0
DA:201,0
DA:202,0
DA:203,0
DA:204,0
DA:205,0
DA:206,0
DA:207,0
DA:208,0
DA:209,0
DA:210,0
DA:211,0
DA:212,0
DA:215,1
DA:240,1
DA:242,1
DA:243,1
DA:245,1
DA:246,1
DA:247,1
DA:248,1
DA:250,1
DA:252,1
DA:253,1
DA:255,1
DA:256,0
DA:258,1
DA:259,1
DA:260,1
DA:265,1
DA:266,1
DA:270,1
DA:271,1
DA:273,1
DA:277,1
DA:285,1
DA:286,1
DA:287,0
DA:288,0
DA:289,0
DA:290,0
DA:295,0
DA:298,1
DA:306,1
DA:309,1
DA:310,1
DA:311,1
DA:313,1
DA:316,1
DA:318,1
DA:320,1
DA:323,1
DA:331,1
DA:334,1
DA:336,1
DA:341,1
DA:345,1
DA:351,1
DA:357,1
DA:362,1
DA:368,1
DA:372,1
DA:373,1
DA:375,1
DA:377,1
DA:380,1
DA:381,1
DA:386,1
DA:388,1
DA:390,1
DA:392,0
DA:393,0
DA:396,1
DA:405,1
DA:408,1
DA:409,1
DA:410,1
DA:411,1
DA:412,1
DA:414,1
DA:415,1
DA:416,1
DA:417,1
DA:419,1
DA:421,1
DA:423,1
DA:424,1
DA:425,1
DA:426,1
DA:427,1
DA:428,1
DA:429,1
DA:438,1
DA:440,1
DA:443,1
DA:444,1
DA:446,1
DA:448,1
DA:450,1
DA:452,1
DA:453,0
DA:454,0
DA:457,0
DA:458,0
DA:460,1
DA:462,1
DA:463,1
DA:464,1
DA:465,1
DA:466,1
DA:468,1
DA:470,1
DA:471,1
DA:472,1
DA:474,1
DA:475,1
DA:476,1
DA:478,1
DA:479,0
DA:480,0
DA:482,1
DA:483,1
DA:485,1
DA:487,1
DA:488,1
DA:489,1
DA:493,1
DA:494,1
DA:498,1
DA:501,1
DA:510,1
DA:513,1
DA:519,1
DA:520,1
DA:521,1
DA:523,1
DA:524,1
DA:525,1
DA:527,1
DA:528,1
DA:529,1
DA:531,1
DA:533,0
DA:534,0
DA:535,0
DA:536,0
DA:537,0
DA:538,0
DA:539,0
DA:548,1
DA:549,1
DA:551,1
DA:552,1
DA:554,1
DA:556,1
DA:558,1
DA:559,1
DA:561,1
DA:563,1
DA:566,1
DA:568,1
DA:570,0
DA:573,1
DA:576,1
DA:578,1
DA:579,0
DA:580,1
DA:581,1
DA:582,1
DA:583,1
DA:586,1
DA:589,1
DA:592,1
DA:593,1
DA:594,1
DA:595,1
DA:599,1
DA:607,1
DA:613,1
DA:621,1
DA:627,1
DA:635,1
DA:641,1
DA:646,1
DA:654,1
DA:659,1
DA:661,1
DA:663,1
DA:672,1
DA:674,1
DA:676,1
DA:684,1
DA:685,1
DA:687,1
DA:689,1
DA:691,1
DA:692,1
DA:694,1
DA:695,1
DA:696,1
DA:697,1
DA:699,1
DA:701,0
DA:703,1
DA:705,0
DA:707,1
DA:709,0
DA:711,1
DA:713,1
DA:714,1
DA:715,1
DA:716,1
DA:719,1
DA:728,1
DA:731,1
DA:732,1
DA:737,1
DA:741,1
DA:747,1
DA:749,1
DA:752,1
DA:753,1
DA:755,1
DA:757,0
DA:760,1
DA:769,1
DA:772,1
DA:773,1
DA:778,1
DA:782,1
DA:787,1
DA:793,1
DA:795,1
DA:798,1
DA:799,1
DA:801,1
DA:803,1
DA:806,1
DA:815,1
DA:819,1
DA:825,1
DA:833,1
DA:839,1
DA:844,1
DA:847,1
DA:849,1
DA:851,0
DA:856,1
DA:858,1
DA:861,1
DA:871,1
DA:874,1
DA:875,1
DA:880,1
DA:881,1
DA:886,1
DA:892,1
DA:900,1
DA:906,1
DA:907,1
DA:909,1
DA:912,1
DA:913,1
DA:919,1
DA:921,1
LF:374
LH:328
FN:51,57,_is_jsonable
FNDA:0,_is_jsonable
FN:60,64,_null_to_empty
FNDA:1,_null_to_empty
FN:67,92,_get_cli_compliance
FNDA:1,_get_cli_compliance
FN:95,126,_get_json_compliance
FNDA:1,_get_json_compliance
FN:98,104,_get_json_compliance._normalize_diff
FNDA:1,_get_json_compliance._normalize_diff
FN:129,160,_get_json_jdiff_compliance
FNDA:1,_get_json_jdiff_compliance
FN:163,195,_get_xml_compliance
FNDA:1,_get_xml_compliance
FN:166,173,_get_xml_compliance._normalize_diff
FNDA:1,_get_xml_compliance._normalize_diff
FN:198,212,_verify_get_custom_compliance_data
FNDA:0,_verify_get_custom_compliance_data
FN:215,273,_get_hierconfig_remediation
FNDA:1,_get_hierconfig_remediation
FN:318,320,ComplianceFeature.__str__
FNDA:1,ComplianceFeature.__str__
FN:373,375,ComplianceRule.remediation_setting
FNDA:1,ComplianceRule.remediation_setting
FN:386,388,ComplianceRule.__str__
FNDA:1,ComplianceRule.__str__
FN:390,393,ComplianceRule.clean
FNDA:0,ComplianceRule.clean
FN:421,436,ConfigCompliance.to_objectchange
FNDA:1,ConfigCompliance.to_objectchange
FN:446,448,ConfigCompliance.__str__
FNDA:1,ConfigCompliance.__str__
FN:450,466,ConfigCompliance.compliance_on_save
FNDA:1,ConfigCompliance.compliance_on_save
FN:468,483,ConfigCompliance.remediation_on_save
FNDA:1,ConfigCompliance.remediation_on_save
FN:485,498,ConfigCompliance.save
FNDA:1,ConfigCompliance.save
FN:531,546,GoldenConfig.to_objectchange
FNDA:0,GoldenConfig.to_objectchange
FN:549,556,GoldenConfig.get_dynamic_group_device_pks
FNDA:1,GoldenConfig.get_dynamic_group_device_pks
FN:559,561,GoldenConfig.get_golden_config_device_ids
FNDA:1,GoldenConfig.get_golden_config_device_ids
FN:568,570,GoldenConfig.__str__
FNDA:0,GoldenConfig.__str__
FN:576,583,GoldenConfigSettingManager.get_for_device
FNDA:1,GoldenConfigSettingManager.get_for_device
FN:672,674,GoldenConfigSetting.__str__
FNDA:1,GoldenConfigSetting.__str__
FN:687,697,GoldenConfigSetting.clean
FNDA:1,GoldenConfigSetting.clean
FN:699,701,GoldenConfigSetting.get_queryset
FNDA:0,GoldenConfigSetting.get_queryset
FN:703,705,GoldenConfigSetting.device_count
FNDA:0,GoldenConfigSetting.device_count
FN:707,709,GoldenConfigSetting.get_url_to_filtered_device_list
FNDA:0,GoldenConfigSetting.get_url_to_filtered_device_list
FN:711,716,GoldenConfigSetting.get_jinja_template_path_for_device
FNDA:1,GoldenConfigSetting.get_jinja_template_path_for_device
FN:755,757,ConfigRemove.__str__
FNDA:0,ConfigRemove.__str__
FN:801,803,ConfigReplace.__str__
FNDA:1,ConfigReplace.__str__
FN:849,854,RemediationSetting.to_csv
FNDA:0,RemediationSetting.to_csv
FN:856,858,RemediationSetting.__str__
FNDA:1,RemediationSetting.__str__
FN:919,921,ConfigPlan.__str__
FNDA:1,ConfigPlan.__str__
FNF:35
FNH:25
end_of_record
SF:nautobot_golden_config/navigation.py
DA:3,1
DA:5,1
DA:7,1
DA:15,1
DA:17,1
DA:18,1
DA:26,1
DA:27,1
DA:41,1
DA:42,1
DA:57,1
DA:58,1
DA:66,1
DA:67,1
DA:81,1
DA:82,1
DA:96,1
DA:97,1
DA:112,1
DA:113,1
DA:127,1
DA:142,1
LF:22
LH:22
end_of_record
SF:nautobot_golden_config/nornir_plays/__init__.py
end_of_record
SF:nautobot_golden_config/nornir_plays/config_backup.py
DA:4,1
DA:5,1
DA:6,1
DA:8,1
DA:9,1
DA:10,1
DA:11,1
DA:12,1
DA:13,1
DA:14,1
DA:15,1
DA:17,1
DA:18,1
DA:19,1
DA:20,1
DA:21,1
DA:26,1
DA:28,1
DA:31,1
DA:32,1
DA:45,0
DA:46,0
DA:48,0
DA:49,0
DA:50,0
DA:53,0
DA:54,0
DA:56,0
DA:57,0
DA:58,0
DA:60,0
DA:61,0
DA:68,0
DA:79,0
DA:80,0
DA:81,0
DA:83,0
DA:85,0
DA:88,1
DA:101,1
DA:102,1
DA:104,1
DA:105,1
DA:108,1
DA:109,1
DA:110,0
DA:111,0
DA:112,0
DA:115,1
DA:116,1
DA:117,0
DA:118,0
DA:119,0
DA:120,1
DA:121,1
DA:134,1
DA:136,1
DA:137,1
DA:145,1
DA:146,0
DA:147,0
DA:151,0
DA:152,0
DA:153,1
DA:154,1
DA:155,0
LF:66
LH:37
FN:32,85,run_backup
FNDA:0,run_backup
FN:88,155,config_backup
FNDA:1,config_backup
FNF:2
FNH:1
end_of_record
SF:nautobot_golden_config/nornir_plays/config_compliance.py
DA:4,1
DA:5,1
DA:6,1
DA:7,1
DA:8,1
DA:10,1
DA:11,1
DA:12,1
DA:13,1
DA:14,1
DA:15,1
DA:16,1
DA:17,1
DA:18,1
DA:20,1
DA:21,1
DA:22,1
DA:23,1
DA:24,1
DA:25,1
DA:32,1
DA:34,1
DA:35,1
DA:38,1
DA:41,1
DA:42,1
DA:43,1
DA:44,1
DA:51,1
DA:54,1
DA:62,1
DA:66,1
DA:68,1
DA:69,1
DA:70,1
DA:71,1
DA:73,1
DA:74,1
DA:76,1
DA:78,1
DA:79,1
DA:81,1
DA:82,1
DA:83,1
DA:84,1
DA:86,0
DA:87,0
DA:88,0
DA:89,0
DA:90,0
DA:91,0
DA:92,0
DA:94,0
DA:96,0
DA:97,0
DA:98,0
DA:99,0
DA:100,0
DA:102,0
DA:105,0
DA:106,0
DA:107,0
DA:109,1
DA:112,1
DA:114,0
DA:115,0
DA:116,0
DA:117,0
DA:119,0
DA:122,1
DA:123,1
DA:137,0
DA:138,0
DA:140,0
DA:141,0
DA:142,0
DA:143,0
DA:144,0
DA:146,0
DA:147,0
DA:148,0
DA:150,0
DA:151,0
DA:152,0
DA:153,0
DA:155,0
DA:156,0
DA:157,0
DA:159,0
DA:160,0
DA:161,0
DA:162,0
DA:164,0
DA:165,0
DA:166,0
DA:170,0
DA:171,0
DA:173,0
DA:174,0
DA:176,0
DA:177,0
DA:178,0
DA:181,0
DA:192,0
DA:193,0
DA:194,0
DA:195,0
DA:197,0
DA:200,1
DA:213,1
DA:214,1
DA:216,1
DA:218,1
DA:219,1
DA:220,1
DA:221,1
DA:234,1
DA:236,1
DA:237,1
DA:244,0
DA:245,0
DA:249,0
DA:250,0
DA:251,1
DA:252,1
DA:253,0
LF:126
LH:62
FN:38,51,get_rules
FNDA:1,get_rules
FN:54,109,get_config_element
FNDA:1,get_config_element
FN:112,119,diff_files
FNDA:0,diff_files
FN:123,197,run_compliance
FNDA:0,run_compliance
FN:200,253,config_compliance
FNDA:1,config_compliance
FNF:5
FNH:3
end_of_record
SF:nautobot_golden_config/nornir_plays/config_deployment.py
DA:3,1
DA:4,1
DA:6,1
DA:7,1
DA:8,1
DA:9,1
DA:10,1
DA:11,1
DA:12,1
DA:13,1
DA:14,1
DA:15,1
DA:16,1
DA:17,1
DA:19,1
DA:20,1
DA:21,1
DA:22,1
DA:23,1
DA:24,1
DA:25,1
DA:27,1
DA:30,1
DA:31,1
DA:33,0
DA:34,0
DA:35,0
DA:36,0
DA:37,0
DA:38,0
DA:39,0
DA:40,0
DA:41,0
DA:42,0
DA:43,0
DA:44,0
DA:53,0
DA:54,0
DA:56,0
DA:57,0
DA:58,0
DA:59,0
DA:61,0
DA:62,0
DA:63,0
DA:64,0
DA:65,0
DA:66,0
DA:67,0
DA:68,0
DA:69,0
DA:70,0
DA:71,0
DA:72,0
DA:74,0
DA:77,1
DA:87,1
DA:88,1
DA:90,1
DA:91,1
DA:92,1
DA:93,0
DA:94,0
DA:95,0
DA:96,1
DA:97,0
DA:98,0
DA:99,0
DA:100,1
DA:101,1
DA:102,1
DA:103,1
DA:104,1
DA:117,1
DA:119,1
DA:127,0
DA:128,0
DA:129,0
DA:130,0
DA:132,1
DA:133,1
DA:134,1
LF:82
LH:41
FN:31,74,run_deployment
FNDA:0,run_deployment
FN:77,134,config_deployment
FNDA:1,config_deployment
FNF:2
FNH:1
end_of_record
SF:nautobot_golden_config/nornir_plays/config_intended.py
DA:4,1
DA:5,1
DA:6,1
DA:8,1
DA:9,1
DA:10,1
DA:11,1
DA:12,1
DA:13,1
DA:14,1
DA:15,1
DA:17,1
DA:18,1
DA:19,1
DA:20,1
DA:21,1
DA:22,1
DA:28,1
DA:30,1
DA:31,1
DA:34,1
DA:35,1
DA:51,0
DA:52,0
DA:54,0
DA:55,0
DA:56,0
DA:57,0
DA:58,0
DA:60,0
DA:61,0
DA:62,0
DA:64,0
DA:65,0
DA:66,0
DA:67,0
DA:68,0
DA:69,0
DA:70,0
DA:72,0
DA:74,0
DA:86,0
DA:87,0
DA:88,0
DA:90,0
DA:92,0
DA:95,1
DA:108,1
DA:109,1
DA:111,1
DA:112,1
DA:115,1
DA:116,1
DA:117,1
DA:130,1
DA:132,1
DA:134,1
DA:142,0
DA:143,0
DA:147,0
DA:148,0
DA:149,1
DA:150,0
LF:63
LH:34
FN:35,92,run_template
FNDA:0,run_template
FN:95,150,config_intended
FNDA:1,config_intended
FNF:2
FNH:1
end_of_record
SF:nautobot_golden_config/nornir_plays/processor.py
DA:3,1
DA:4,1
DA:5,1
DA:6,1
DA:9,1
DA:12,1
DA:14,1
DA:16,1
DA:21,1
DA:22,1
DA:23,0
DA:24,0
DA:26,0
DA:27,0
DA:28,0
DA:30,0
DA:31,0
DA:32,0
DA:33,0
DA:34,1
DA:36,1
DA:47,1
DA:48,1
DA:50,1
DA:51,0
DA:53,0
LF:26
LH:15
FN:12,14,ProcessGoldenConfig.__init__
FNDA:1,ProcessGoldenConfig.__init__
FN:16,34,ProcessGoldenConfig._find_result_exceptions
FNDA:1,ProcessGoldenConfig._find_result_exceptions
FN:36,53,ProcessGoldenConfig.task_instance_completed
FNDA:1,ProcessGoldenConfig.task_instance_completed
FNF:3
FNH:3
end_of_record
SF:nautobot_golden_config/signals.py
DA:3,1
DA:4,1
DA:5,1
DA:6,1
DA:7,1
DA:9,1
DA:12,1
DA:14,1
DA:15,1
DA:16,1
DA:53,1
DA:54,1
DA:57,1
DA:59,1
DA:60,1
DA:61,1
DA:62,0
DA:63,0
DA:65,1
DA:66,1
DA:67,1
DA:68,1
DA:76,1
DA:77,1
DA:80,1
DA:81,1
DA:83,1
DA:86,1
DA:87,1
LF:29
LH:27
FN:12,54,post_migrate_create_statuses
FNDA:1,post_migrate_create_statuses
FN:57,77,post_migrate_create_job_button
FNDA:1,post_migrate_create_job_button
FN:81,87,config_compliance_platform_cleanup
FNDA:1,config_compliance_platform_cleanup
FNF:3
FNH:3
end_of_record
SF:nautobot_golden_config/tables.py
DA:3,1
DA:4,1
DA:5,1
DA:6,1
DA:7,1
DA:9,1
DA:10,1
DA:12,1
DA:73,1
DA:119,1
DA:122,1
DA:124,1
DA:125,1
DA:126,1
DA:127,1
DA:128,1
DA:129,1
DA:130,1
DA:131,1
DA:132,1
DA:140,1
DA:143,1
DA:145,0
DA:148,1
DA:151,1
DA:153,1
DA:154,1
DA:155,1
DA:156,1
DA:158,0
DA:167,1
DA:170,1
DA:171,1
DA:175,1
DA:180,1
DA:188,1
DA:189,1
DA:190,1
DA:195,1
DA:196,1
DA:197,1
DA:198,1
DA:200,1
DA:203,1
DA:204,1
DA:211,1
DA:214,1
DA:215,1
DA:216,1
DA:217,1
DA:218,1
DA:220,1
DA:223,1
DA:224,1
DA:225,1
DA:234,1
DA:237,1
DA:239,1
DA:242,1
DA:243,1
DA:244,1
DA:247,1
DA:254,1
DA:256,1
DA:258,0
DA:259,0
DA:260,0
DA:261,0
DA:262,0
DA:264,1
DA:267,1
DA:273,1
DA:276,1
DA:277,1
DA:284,1
DA:285,1
DA:288,1
DA:289,1
DA:294,1
DA:295,1
DA:301,1
DA:305,1
DA:307,1
DA:308,1
DA:309,1
DA:310,1
DA:311,1
DA:312,0
DA:313,0
DA:314,0
DA:315,0
DA:316,0
DA:317,0
DA:318,0
DA:319,0
DA:321,1
DA:323,1
DA:325,1
DA:327,1
DA:329,1
DA:331,1
DA:333,1
DA:336,1
DA:337,1
DA:343,1
DA:346,1
DA:347,1
DA:349,1
DA:352,1
DA:353,1
DA:354,1
DA:360,1
DA:363,1
DA:364,1
DA:365,1
DA:366,1
DA:367,1
DA:368,1
DA:370,1
DA:373,1
DA:374,1
DA:385,1
DA:401,1
DA:404,1
DA:405,1
DA:407,1
DA:410,1
DA:411,1
DA:412,1
DA:418,1
DA:421,1
DA:422,1
DA:424,1
DA:427,1
DA:428,1
DA:429,1
DA:432,1
DA:436,1
DA:437,1
DA:438,1
DA:442,1
DA:446,1
DA:451,1
DA:452,0
DA:453,0
DA:454,0
DA:456,1
DA:458,0
DA:460,1
DA:462,0
DA:464,1
DA:466,0
DA:468,1
DA:471,1
DA:472,1
DA:483,1
DA:486,1
DA:487,1
DA:489,1
DA:492,1
DA:493,1
DA:494,1
DA:500,1
DA:503,1
DA:504,1
DA:505,1
DA:508,1
DA:517,1
DA:518,1
DA:520,1
DA:523,1
DA:524,1
DA:538,1
LF:173
LH:152
FN:122,132,actual_fields
FNDA:1,actual_fields
FN:143,145,PercentageColumn.render
FNDA:0,PercentageColumn.render
FN:151,158,ComplianceColumn.render
FNDA:1,ComplianceColumn.render
FN:175,198,ConfigComplianceTable.__init__
FNDA:1,ConfigComplianceTable.__init__
FN:256,262,DeleteGoldenConfigTable.__init__
FNDA:0,DeleteGoldenConfigTable.__init__
FN:305,319,GoldenConfigTable._render_last_success_date
FNDA:1,GoldenConfigTable._render_last_success_date
FN:321,323,GoldenConfigTable.render_backup_last_success_date
FNDA:1,GoldenConfigTable.render_backup_last_success_date
FN:325,327,GoldenConfigTable.render_intended_last_success_date
FNDA:1,GoldenConfigTable.render_intended_last_success_date
FN:329,331,GoldenConfigTable.render_compliance_last_success_date
FNDA:1,GoldenConfigTable.render_compliance_last_success_date
FN:451,454,GoldenConfigSettingTable._render_capability
FNDA:0,GoldenConfigSettingTable._render_capability
FN:456,458,GoldenConfigSettingTable.render_backup_repository
FNDA:0,GoldenConfigSettingTable.render_backup_repository
FN:460,462,GoldenConfigSettingTable.render_intended_repository
FNDA:0,GoldenConfigSettingTable.render_intended_repository
FN:464,466,GoldenConfigSettingTable.render_jinja_repository
FNDA:0,GoldenConfigSettingTable.render_jinja_repository
FNF:13
FNH:7
end_of_record
SF:nautobot_golden_config/template_content.py
DA:3,1
DA:4,1
DA:5,1
DA:6,1
DA:8,1
DA:9,1
DA:12,1
DA:15,1
DA:17,1
DA:18,1
DA:20,0
DA:22,1
DA:24,0
DA:25,0
DA:26,0
DA:27,0
DA:32,0
DA:37,1
DA:39,0
DA:40,0
DA:41,0
DA:50,0
DA:51,0
DA:53,0
DA:56,1
DA:59,1
DA:61,1
DA:63,0
DA:64,0
DA:65,0
DA:66,0
DA:68,1
DA:70,0
DA:81,0
DA:82,0
DA:83,0
DA:84,0
DA:90,1
DA:93,1
DA:95,1
DA:97,0
DA:99,1
DA:101,0
DA:102,0
DA:103,0
DA:104,0
DA:105,0
DA:111,0
DA:117,1
DA:120,1
DA:122,1
DA:124,0
DA:126,1
DA:128,0
DA:139,0
DA:140,0
DA:141,0
DA:142,0
DA:148,1
DA:149,1
DA:150,1
DA:151,1
DA:152,1
DA:155,1
LF:64
LH:30
FN:18,20,ConfigComplianceDeviceCheck.device
FNDA:0,ConfigComplianceDeviceCheck.device
FN:22,35,ConfigComplianceDeviceCheck.right_page
FNDA:0,ConfigComplianceDeviceCheck.right_page
FN:37,53,ConfigComplianceDeviceCheck.detail_tabs
FNDA:0,ConfigComplianceDeviceCheck.detail_tabs
FN:61,66,ConfigComplianceLocationCheck.get_locations
FNDA:0,ConfigComplianceLocationCheck.get_locations
FN:68,87,ConfigComplianceLocationCheck.right_page
FNDA:0,ConfigComplianceLocationCheck.right_page
FN:95,97,ConfigDeviceDetails.get_device
FNDA:0,ConfigDeviceDetails.get_device
FN:99,114,ConfigDeviceDetails.right_page
FNDA:0,ConfigDeviceDetails.right_page
FN:122,124,ConfigComplianceTenantCheck.get_tenant
FNDA:0,ConfigComplianceTenantCheck.get_tenant
FN:126,145,ConfigComplianceTenantCheck.right_page
FNDA:0,ConfigComplianceTenantCheck.right_page
FNF:9
FNH:0
end_of_record
SF:nautobot_golden_config/templatetags/__init__.py
end_of_record
SF:nautobot_golden_config/templatetags/json_helpers.py
DA:3,1
DA:5,1
DA:6,1
DA:8,1
DA:11,1
DA:12,1
DA:13,1
DA:15,0
DA:16,0
DA:17,0
LF:10
LH:7
FN:13,17,condition_render_json
FNDA:0,condition_render_json
FNF:1
FNH:0
end_of_record
SF:nautobot_golden_config/urls.py
DA:3,1
DA:4,1
DA:5,1
DA:6,1
DA:8,1
DA:10,1
DA:11,1
DA:13,1
DA:14,1
DA:15,1
DA:16,1
DA:17,1
DA:18,1
DA:19,1
DA:20,1
DA:21,1
DA:24,1
DA:31,1
LF:18
LH:18
end_of_record
SF:nautobot_golden_config/utilities/__init__.py
end_of_record
SF:nautobot_golden_config/utilities/config_plan.py
DA:3,1
DA:4,1
DA:5,1
DA:7,1
DA:8,1
DA:11,1
DA:13,1
DA:16,1
DA:25,1
DA:27,1
DA:28,1
DA:29,0
DA:32,1
DA:40,1
DA:41,1
DA:42,1
DA:43,1
LF:17
LH:16
FN:11,13,config_plan_default_status
FNDA:1,config_plan_default_status
FN:16,29,generate_config_set_from_compliance_feature
FNDA:1,generate_config_set_from_compliance_feature
FN:32,43,generate_config_set_from_manual
FNDA:1,generate_config_set_from_manual
FNF:3
FNH:3
end_of_record
SF:nautobot_golden_config/utilities/config_postprocessing.py
DA:3,1
DA:4,1
DA:6,1
DA:7,1
DA:8,1
DA:9,1
DA:10,1
DA:11,1
DA:12,1
DA:13,1
DA:14,1
DA:15,1
DA:16,1
DA:18,1
DA:19,1
DA:20,1
DA:21,1
DA:22,1
DA:25,1
DA:43,1
DA:44,1
DA:45,0
DA:46,0
DA:48,1
DA:49,1
DA:51,1
DA:58,1
DA:60,0
DA:61,0
DA:62,0
DA:65,1
DA:83,1
DA:84,0
DA:88,1
DA:93,1
DA:95,1
DA:96,1
DA:99,1
DA:100,1
DA:101,1
DA:103,1
DA:104,1
DA:105,0
DA:106,0
DA:108,1
DA:109,1
DA:110,0
DA:111,0
DA:114,1
DA:115,1
DA:117,1
DA:118,1
DA:119,0
DA:120,0
DA:123,0
DA:124,0
DA:128,0
DA:129,0
DA:134,1
DA:145,1
DA:146,0
DA:148,1
DA:149,0
DA:150,1
DA:151,1
DA:152,1
DA:153,0
DA:158,0
DA:159,0
DA:164,1
DA:168,1
DA:173,1
DA:174,1
DA:175,1
DA:177,1
DA:178,1
DA:179,0
DA:180,0
DA:181,0
DA:182,0
DA:187,0
DA:189,1
DA:192,0
DA:193,0
DA:194,0
DA:195,0
DA:197,0
LF:87
LH:56
FN:25,55,get_secret_by_secret_group_name
FNDA:1,get_secret_by_secret_group_name
FN:58,62,_get_device_agg_data
FNDA:0,_get_device_agg_data
FN:65,131,render_secrets
FNDA:1,render_secrets
FN:134,197,get_config_postprocessing
FNDA:1,get_config_postprocessing
FNF:4
FNH:3
end_of_record
SF:nautobot_golden_config/utilities/constant.py
DA:3,1
DA:4,1
DA:6,1
DA:8,1
DA:9,1
DA:10,1
DA:11,1
DA:12,1
DA:13,1
DA:14,1
DA:15,1
DA:17,1
DA:25,1
DA:26,1
DA:27,0
DA:28,1
DA:29,1
LF:17
LH:16
end_of_record
SF:nautobot_golden_config/utilities/db_management.py
DA:3,1
DA:4,1
DA:6,1
DA:9,1
DA:12,1
DA:14,0
DA:15,0
DA:19,0
DA:20,0
DA:22,1
LF:10
LH:6
FN:9,22,close_threaded_db_connections
FNDA:1,close_threaded_db_connections
FN:12,20,close_threaded_db_connections.inner
FNDA:0,close_threaded_db_connections.inner
FNF:2
FNH:1
end_of_record
SF:nautobot_golden_config/utilities/git.py
DA:3,1
DA:5,1
DA:7,1
DA:10,1
DA:13,1
DA:22,1
DA:23,1
DA:24,1
DA:26,1
DA:32,1
DA:33,1
DA:34,1
DA:35,1
DA:36,1
DA:38,1
DA:40,1
DA:41,1
LF:17
LH:17
FN:13,24,GitRepo.__init__
FNDA:1,GitRepo.__init__
FN:26,36,GitRepo.commit_with_added
FNDA:1,GitRepo.commit_with_added
FN:38,41,GitRepo.push
FNDA:1,GitRepo.push
FNF:3
FNH:3
end_of_record
SF:nautobot_golden_config/utilities/graphql.py
DA:3,1
DA:5,1
DA:6,1
DA:7,1
DA:8,1
DA:10,1
DA:12,1
DA:15,1
DA:17,1
DA:18,1
DA:19,1
DA:21,1
DA:22,1
DA:24,1
DA:25,1
DA:26,1
DA:28,0
DA:29,0
DA:30,0
DA:32,1
DA:33,1
DA:34,1
DA:35,0
DA:36,0
DA:37,1
DA:39,1
DA:41,1
DA:42,0
DA:43,0
DA:44,0
DA:45,0
DA:46,0
DA:48,1
DA:49,1
LF:34
LH:24
FN:15,49,graph_ql_query
FNDA:1,graph_ql_query
FNF:1
FNH:1
end_of_record
SF:nautobot_golden_config/utilities/helper.py
DA:4,1
DA:5,1
DA:7,1
DA:8,1
DA:9,1
DA:10,1
DA:11,1
DA:12,1
DA:13,1
DA:14,1
DA:15,1
DA:16,1
DA:17,1
DA:18,1
DA:19,1
DA:20,1
DA:21,1
DA:23,1
DA:24,1
DA:25,1
DA:26,1
DA:27,1
DA:29,1
DA:36,1
DA:48,1
DA:51,1
DA:53,1
DA:54,1
DA:55,1
DA:58,1
DA:59,1
DA:60,1
DA:63,1
DA:64,1
DA:65,1
DA:68,1
DA:69,1
DA:70,1
DA:71,1
DA:73,1
DA:75,1
DA:78,1
DA:79,1
DA:81,1
DA:83,1
DA:84,1
DA:88,1
DA:90,1
DA:91,1
DA:94,1
DA:95,1
DA:96,1
DA:100,1
DA:103,1
DA:105,1
DA:106,1
DA:107,1
DA:110,1
DA:112,1
DA:113,1
DA:114,0
DA:115,0
DA:116,0
DA:119,1
DA:126,1
DA:127,1
DA:128,1
DA:131,1
DA:146,1
DA:147,1
DA:148,1
DA:149,1
DA:154,1
DA:155,1
DA:157,1
DA:158,1
DA:163,1
DA:164,1
DA:166,1
DA:167,1
DA:172,1
DA:173,1
DA:176,1
DA:178,1
DA:179,1
DA:191,1
DA:192,1
DA:195,1
DA:197,1
DA:198,1
DA:199,1
DA:200,1
DA:203,1
DA:205,1
DA:206,1
DA:207,1
DA:208,1
DA:209,1
DA:212,1
DA:214,1
DA:215,1
DA:216,1
DA:217,0
DA:218,1
DA:221,1
DA:223,1
DA:224,1
DA:225,1
DA:226,1
DA:227,1
DA:228,0
DA:229,1
DA:230,1
DA:231,1
DA:232,1
DA:233,1
DA:234,1
DA:237,1
DA:239,1
DA:240,1
DA:243,1
DA:244,1
DA:245,1
DA:246,1
DA:252,0
DA:253,0
DA:254,0
DA:255,0
DA:256,0
DA:257,0
DA:258,0
DA:259,0
DA:260,0
DA:261,0
DA:262,0
DA:263,0
DA:264,0
DA:267,1
DA:278,0
DA:279,0
DA:280,0
DA:281,0
DA:282,0
DA:283,0
DA:284,0
DA:285,0
DA:286,0
DA:287,0
DA:288,0
DA:289,0
DA:290,0
DA:293,1
DA:295,1
DA:296,1
DA:297,1
DA:300,1
DA:310,1
DA:311,1
DA:312,0
DA:313,0
DA:314,0
DA:315,0
DA:316,1
LF:163
LH:128
FN:51,100,get_job_filter
FNDA:1,get_job_filter
FN:103,107,null_to_empty
FNDA:1,null_to_empty
FN:110,116,verify_settings
FNDA:1,verify_settings
FN:119,128,get_django_env
FNDA:1,get_django_env
FN:131,173,render_jinja_template
FNDA:1,render_jinja_template
FN:176,192,get_device_to_settings_map
FNDA:1,get_device_to_settings_map
FN:195,200,get_json_config
FNDA:1,get_json_config
FN:203,209,get_xml_config
FNDA:1,get_xml_config
FN:212,218,list_to_string
FNDA:1,list_to_string
FN:221,234,add_message
FNDA:1,add_message
FN:237,264,dispatch_params
FNDA:1,dispatch_params
FN:267,290,get_xml_subtree_with_full_path
FNDA:0,get_xml_subtree_with_full_path
FN:293,297,update_dynamic_groups_cache
FNDA:1,update_dynamic_groups_cache
FN:300,316,get_error_message
FNDA:1,get_error_message
FNF:14
FNH:13
end_of_record
SF:nautobot_golden_config/utilities/logger.py
DA:3,1
DA:4,1
DA:6,1
DA:8,1
DA:9,1
DA:10,1
DA:11,1
DA:14,1
DA:17,1
DA:19,1
DA:20,1
DA:22,1
DA:24,1
DA:25,1
DA:26,1
DA:27,1
DA:29,1
DA:31,1
DA:33,1
DA:35,0
DA:37,1
DA:39,0
DA:41,1
DA:43,0
DA:45,1
DA:47,0
LF:26
LH:22
FN:17,20,NornirLogger.__init__
FNDA:1,NornirLogger.__init__
FN:22,27,NornirLogger._logging_helper
FNDA:1,NornirLogger._logging_helper
FN:29,31,NornirLogger.debug
FNDA:1,NornirLogger.debug
FN:33,35,NornirLogger.info
FNDA:0,NornirLogger.info
FN:37,39,NornirLogger.warning
FNDA:0,NornirLogger.warning
FN:41,43,NornirLogger.error
FNDA:0,NornirLogger.error
FN:45,47,NornirLogger.critical
FNDA:0,NornirLogger.critical
FNF:7
FNH:3
end_of_record
SF:nautobot_golden_config/utilities/mat_plot.py
DA:3,1
DA:4,1
DA:5,1
DA:6,1
DA:8,1
DA:9,1
DA:10,1
DA:11,1
DA:13,1
DA:15,1
DA:16,1
DA:19,1
DA:21,0
DA:24,0
DA:25,0
DA:26,0
DA:28,0
DA:29,0
DA:30,0
DA:39,0
DA:40,0
DA:41,0
DA:43,0
DA:44,0
DA:45,0
DA:46,0
DA:47,0
DA:48,0
DA:49,0
DA:52,1
DA:54,0
DA:56,0
DA:57,0
DA:59,0
DA:61,0
DA:62,0
DA:63,0
DA:65,0
DA:67,0
DA:68,0
DA:69,0
DA:72,0
DA:73,0
DA:74,0
DA:75,0
DA:76,0
DA:77,0
DA:79,0
DA:81,0
DA:82,0
DA:83,0
DA:93,0
DA:94,0
DA:97,0
DA:98,0
DA:99,0
DA:100,0
DA:101,0
DA:102,0
DA:105,1
DA:113,0
DA:114,0
DA:115,0
DA:116,0
DA:117,0
DA:118,0
DA:121,1
DA:128,0
DA:129,0
DA:130,0
DA:137,0
DA:141,0
LF:72
LH:15
FN:19,49,plot_visual
FNDA:0,plot_visual
FN:52,102,plot_barchart_visual
FNDA:0,plot_barchart_visual
FN:79,91,plot_barchart_visual.autolabel
FNDA:0,plot_barchart_visual.autolabel
FN:105,118,calculate_aggr_percentage
FNDA:0,calculate_aggr_percentage
FN:121,144,get_global_aggr
FNDA:0,get_global_aggr
FNF:5
FNH:0
end_of_record
SF:nautobot_golden_config/utilities/utils.py
DA:3,1
DA:4,1
DA:5,1
DA:6,1
DA:8,1
DA:11,1
DA:14,0
DA:15,0
DA:16,0
DA:19,1
DA:21,0
DA:24,1
DA:26,0
DA:29,1
DA:31,0
DA:34,1
DA:36,0
DA:39,1
DA:49,0
DA:50,0
DA:55,0
DA:56,0
DA:57,0
LF:23
LH:11
FN:11,16,normalize_setting
FNDA:0,normalize_setting
FN:19,21,default_framework
FNDA:0,default_framework
FN:24,26,get_config_framework
FNDA:0,get_config_framework
FN:29,31,merge_config_framework
FNDA:0,merge_config_framework
FN:34,36,replace_config_framework
FNDA:0,replace_config_framework
FN:39,57,get_secret_value
FNDA:0,get_secret_value
FNF:6
FNH:0
end_of_record
SF:nautobot_golden_config/views.py
DA:3,1
DA:4,1
DA:5,1
DA:7,1
DA:8,1
DA:9,1
DA:10,1
DA:11,1
DA:12,1
DA:13,1
DA:14,1
DA:15,1
DA:16,1
DA:17,1
DA:18,1
DA:19,1
DA:20,1
DA:21,1
DA:22,1
DA:23,1
DA:24,1
DA:26,1
DA:27,1
DA:28,1
DA:29,1
DA:30,1
DA:31,1
DA:32,1
DA:35,1
DA:45,1
DA:52,1
DA:60,1
DA:61,1
DA:62,1
DA:63,1
DA:64,1
DA:65,1
DA:66,1
DA:67,1
DA:69,1
DA:71,1
DA:72,1
DA:73,1
DA:74,1
DA:75,1
DA:76,1
DA:77,1
DA:78,1
DA:80,1
DA:82,1
DA:84,1
DA:85,0
DA:87,1
DA:90,1
DA:91,1
DA:96,1
DA:97,1
DA:98,1
DA:99,1
DA:101,1
DA:103,1
DA:104,0
DA:116,1
DA:118,1
DA:119,1
DA:120,0
DA:121,1
DA:122,1
DA:123,1
DA:124,1
DA:125,1
DA:126,1
DA:127,1
DA:128,1
DA:129,1
DA:131,1
DA:132,1
DA:133,1
DA:134,0
DA:136,1
DA:137,1
DA:138,1
DA:139,1
DA:140,1
DA:141,0
DA:142,0
DA:144,1
DA:145,1
DA:153,1
DA:155,1
DA:156,1
DA:158,0
DA:159,0
DA:160,0
DA:161,0
DA:162,0
DA:164,1
DA:165,1
DA:167,0
DA:168,0
DA:169,0
DA:170,0
DA:171,0
DA:173,1
DA:174,1
DA:176,0
DA:177,0
DA:178,0
DA:179,0
DA:180,0
DA:182,1
DA:183,1
DA:185,1
DA:186,1
DA:187,1
DA:188,0
DA:190,1
DA:191,1
DA:192,1
DA:193,1
DA:194,1
DA:196,1
DA:198,0
DA:200,1
DA:201,0
DA:203,1
DA:204,1
DA:205,1
DA:207,1
DA:208,1
DA:210,0
DA:212,0
DA:213,0
DA:214,0
DA:216,0
DA:217,0
DA:218,0
DA:220,0
DA:222,0
DA:223,0
DA:225,0
DA:227,0
DA:229,0
DA:230,0
DA:232,0
DA:242,0
DA:243,0
DA:251,1
DA:259,1
DA:260,1
DA:261,1
DA:262,1
DA:263,1
DA:264,1
DA:266,1
DA:267,1
DA:268,1
DA:270,1
DA:272,1
DA:273,1
DA:274,1
DA:275,1
DA:277,1
DA:279,1
DA:280,1
DA:281,0
DA:283,1
DA:284,0
DA:286,1
DA:287,1
DA:288,1
DA:289,1
DA:290,1
DA:292,1
DA:295,1
DA:296,1
DA:304,1
DA:306,1
DA:308,1
DA:309,0
DA:310,0
DA:311,0
DA:312,0
DA:313,0
DA:315,0
DA:317,0
DA:318,1
DA:320,0
DA:321,0
DA:323,1
DA:325,1
DA:326,1
DA:327,1
DA:328,1
DA:329,1
DA:330,1
DA:331,1
DA:333,0
DA:335,0
DA:336,0
DA:340,0
DA:343,0
DA:345,0
DA:346,0
DA:348,0
DA:349,0
DA:351,1
DA:352,1
DA:354,0
DA:355,0
DA:356,0
DA:357,0
DA:358,0
DA:359,0
DA:360,0
DA:361,0
DA:363,0
DA:364,0
DA:365,0
DA:366,0
DA:367,0
DA:370,1
DA:373,1
DA:374,1
DA:375,1
DA:376,1
DA:377,1
DA:380,1
DA:390,1
DA:396,1
DA:398,0
DA:399,0
DA:401,0
DA:402,0
DA:403,0
DA:404,0
DA:413,1
DA:416,0
DA:419,1
DA:422,1
DA:423,1
DA:424,1
DA:425,1
DA:426,1
DA:427,1
DA:428,1
DA:429,1
DA:430,1
DA:432,1
DA:434,0
DA:435,0
DA:438,1
DA:441,1
DA:442,1
DA:443,1
DA:444,1
DA:445,1
DA:446,1
DA:447,1
DA:448,1
DA:449,1
DA:451,1
DA:453,0
DA:454,0
DA:457,1
DA:460,1
DA:461,1
DA:462,1
DA:463,1
DA:464,1
DA:465,1
DA:466,1
DA:467,1
DA:468,1
DA:469,1
DA:471,1
DA:473,0
DA:474,0
DA:475,0
DA:476,0
DA:478,0
DA:479,0
DA:480,0
DA:481,0
DA:482,0
DA:483,0
DA:495,0
DA:507,0
DA:508,0
DA:511,1
DA:514,1
DA:515,1
DA:516,1
DA:517,1
DA:518,1
DA:519,1
DA:520,1
DA:521,1
DA:522,1
DA:524,1
DA:526,0
DA:527,0
DA:530,1
DA:533,1
DA:534,1
DA:535,1
DA:536,1
DA:537,1
DA:538,1
DA:539,1
DA:540,1
DA:541,1
DA:543,1
DA:545,1
DA:546,1
DA:549,1
DA:553,1
DA:554,1
DA:555,1
DA:556,1
DA:557,1
DA:558,1
DA:559,1
DA:560,1
DA:561,1
DA:563,1
DA:565,0
DA:566,0
DA:569,1
DA:572,1
DA:573,1
DA:574,1
DA:575,1
DA:576,1
DA:577,1
DA:578,1
DA:579,1
DA:580,1
DA:581,1
DA:582,1
DA:584,1
DA:586,1
DA:587,1
DA:588,0
DA:590,1
DA:592,1
DA:593,1
DA:594,1
DA:595,1
DA:596,1
DA:597,1
DA:598,1
DA:601,1
DA:604,1
DA:606,1
DA:608,0
DA:614,1
DA:616,0
DA:617,0
DA:618,0
DA:619,0
DA:621,0
DA:622,0
DA:624,0
DA:630,0
DA:633,1
DA:636,1
DA:637,1
DA:639,1
DA:641,0
DA:642,0
DA:643,0
LF:372
LH:257
FN:69,78,GoldenConfigUIViewSet.__init__
FNDA:1,GoldenConfigUIViewSet.__init__
FN:80,101,GoldenConfigUIViewSet.filter_queryset
FNDA:1,GoldenConfigUIViewSet.filter_queryset
FN:103,114,GoldenConfigUIViewSet._get_device_context
FNDA:0,GoldenConfigUIViewSet._get_device_context
FN:116,129,GoldenConfigUIViewSet.get_extra_context
FNDA:1,GoldenConfigUIViewSet.get_extra_context
FN:131,142,GoldenConfigUIViewSet._pre_helper
FNDA:1,GoldenConfigUIViewSet._pre_helper
FN:144,153,GoldenConfigUIViewSet._post_render
FNDA:1,GoldenConfigUIViewSet._post_render
FN:156,162,GoldenConfigUIViewSet.backup
FNDA:0,GoldenConfigUIViewSet.backup
FN:165,171,GoldenConfigUIViewSet.intended
FNDA:0,GoldenConfigUIViewSet.intended
FN:174,180,GoldenConfigUIViewSet.postprocessing
FNDA:0,GoldenConfigUIViewSet.postprocessing
FN:183,205,GoldenConfigUIViewSet.sotagg
FNDA:1,GoldenConfigUIViewSet.sotagg
FN:208,243,GoldenConfigUIViewSet.compliance
FNDA:0,GoldenConfigUIViewSet.compliance
FN:270,275,ConfigComplianceUIViewSet.__init__
FNDA:1,ConfigComplianceUIViewSet.__init__
FN:277,290,ConfigComplianceUIViewSet.get_extra_context
FNDA:1,ConfigComplianceUIViewSet.get_extra_context
FN:292,302,ConfigComplianceUIViewSet.alter_queryset
FNDA:1,ConfigComplianceUIViewSet.alter_queryset
FN:304,349,ConfigComplianceUIViewSet.perform_bulk_destroy
FNDA:1,ConfigComplianceUIViewSet.perform_bulk_destroy
FN:352,367,ConfigComplianceUIViewSet.devicetab
FNDA:0,ConfigComplianceUIViewSet.devicetab
FN:396,411,ConfigComplianceOverview.setup
FNDA:0,ConfigComplianceOverview.setup
FN:413,416,ConfigComplianceOverview.extra_context
FNDA:0,ConfigComplianceOverview.extra_context
FN:432,435,ComplianceFeatureUIViewSet.get_extra_context
FNDA:0,ComplianceFeatureUIViewSet.get_extra_context
FN:451,454,ComplianceRuleUIViewSet.get_extra_context
FNDA:0,ComplianceRuleUIViewSet.get_extra_context
FN:471,508,GoldenConfigSettingUIViewSet.get_extra_context
FNDA:0,GoldenConfigSettingUIViewSet.get_extra_context
FN:524,527,ConfigRemoveUIViewSet.get_extra_context
FNDA:0,ConfigRemoveUIViewSet.get_extra_context
FN:543,546,ConfigReplaceUIViewSet.get_extra_context
FNDA:1,ConfigReplaceUIViewSet.get_extra_context
FN:563,566,RemediationSettingUIViewSet.get_extra_context
FNDA:0,RemediationSettingUIViewSet.get_extra_context
FN:584,588,ConfigPlanUIViewSet.alter_queryset
FNDA:1,ConfigPlanUIViewSet.alter_queryset
FN:590,598,ConfigPlanUIViewSet.get_extra_context
FNDA:1,ConfigPlanUIViewSet.get_extra_context
FN:606,608,ConfigPlanBulkDeploy.get_required_permission
FNDA:0,ConfigPlanBulkDeploy.get_required_permission
FN:614,630,ConfigPlanBulkDeploy.post
FNDA:0,ConfigPlanBulkDeploy.post
FN:639,643,GenerateIntendedConfigView.get_context_data
FNDA:0,GenerateIntendedConfigView.get_context_data
FNF:29
FNH:13
end_of_record
